Generated at 2016-12-12 15:18:29 +0000
Chef::Exceptions::Exec: yum_package[tree] (@recipe_files::/home/chef/tree.rb line 1) had an error: Chef::Exceptions::Exec: yum -d0 -e0 -y install tree-1.5.3-3.el6 returned 1:
STDOUT: 
STDERR: You need to be root to perform this command.

/opt/chefdk/embedded/lib/ruby/gems/2.3.0/gems/chef-12.16.42/lib/chef/provider/package/yum.rb:122:in `yum_command'
/opt/chefdk/embedded/lib/ruby/gems/2.3.0/gems/chef-12.16.42/lib/chef/provider/package/yum.rb:314:in `install_remote_package'
/opt/chefdk/embedded/lib/ruby/gems/2.3.0/gems/chef-12.16.42/lib/chef/provider/package/yum.rb:325:in `install_package'
/opt/chefdk/embedded/lib/ruby/gems/2.3.0/gems/chef-12.16.42/lib/chef/provider/package.rb:103:in `block (3 levels) in <class:Package>'
/opt/chefdk/embedded/lib/ruby/gems/2.3.0/gems/chef-12.16.42/lib/chef/provider/package.rb:257:in `multipackage_api_adapter'
/opt/chefdk/embedded/lib/ruby/gems/2.3.0/gems/chef-12.16.42/lib/chef/provider/package.rb:102:in `block (2 levels) in <class:Package>'
/opt/chefdk/embedded/lib/ruby/gems/2.3.0/gems/chef-12.16.42/lib/chef/mixin/why_run.rb:52:in `add_action'
/opt/chefdk/embedded/lib/ruby/gems/2.3.0/gems/chef-12.16.42/lib/chef/provider.rb:176:in `converge_by'
/opt/chefdk/embedded/lib/ruby/gems/2.3.0/gems/chef-12.16.42/lib/chef/provider/package.rb:101:in `block in <class:Package>'
(eval):2:in `block in action_install'
/opt/chefdk/embedded/lib/ruby/gems/2.3.0/gems/chef-12.16.42/lib/chef/provider.rb:361:in `instance_eval'
/opt/chefdk/embedded/lib/ruby/gems/2.3.0/gems/chef-12.16.42/lib/chef/provider.rb:361:in `compile_and_converge_action'
(eval):2:in `action_install'
/opt/chefdk/embedded/lib/ruby/gems/2.3.0/gems/chef-12.16.42/lib/chef/provider.rb:145:in `run_action'
/opt/chefdk/embedded/lib/ruby/gems/2.3.0/gems/chef-12.16.42/lib/chef/resource.rb:622:in `run_action'
/opt/chefdk/embedded/lib/ruby/gems/2.3.0/gems/chef-12.16.42/lib/chef/runner.rb:69:in `run_action'
/opt/chefdk/embedded/lib/ruby/gems/2.3.0/gems/chef-12.16.42/lib/chef/runner.rb:97:in `block (2 levels) in converge'
/opt/chefdk/embedded/lib/ruby/gems/2.3.0/gems/chef-12.16.42/lib/chef/runner.rb:97:in `each'
/opt/chefdk/embedded/lib/ruby/gems/2.3.0/gems/chef-12.16.42/lib/chef/runner.rb:97:in `block in converge'
/opt/chefdk/embedded/lib/ruby/gems/2.3.0/gems/chef-12.16.42/lib/chef/resource_collection/resource_list.rb:94:in `block in execute_each_resource'
/opt/chefdk/embedded/lib/ruby/gems/2.3.0/gems/chef-12.16.42/lib/chef/resource_collection/stepable_iterator.rb:114:in `call_iterator_block'
/opt/chefdk/embedded/lib/ruby/gems/2.3.0/gems/chef-12.16.42/lib/chef/resource_collection/stepable_iterator.rb:85:in `step'
/opt/chefdk/embedded/lib/ruby/gems/2.3.0/gems/chef-12.16.42/lib/chef/resource_collection/stepable_iterator.rb:103:in `iterate'
/opt/chefdk/embedded/lib/ruby/gems/2.3.0/gems/chef-12.16.42/lib/chef/resource_collection/stepable_iterator.rb:55:in `each_with_index'
/opt/chefdk/embedded/lib/ruby/gems/2.3.0/gems/chef-12.16.42/lib/chef/resource_collection/resource_list.rb:92:in `execute_each_resource'
/opt/chefdk/embedded/lib/ruby/gems/2.3.0/gems/chef-12.16.42/lib/chef/runner.rb:96:in `converge'
/opt/chefdk/embedded/lib/ruby/gems/2.3.0/gems/chef-12.16.42/lib/chef/client.rb:669:in `block in converge'
/opt/chefdk/embedded/lib/ruby/gems/2.3.0/gems/chef-12.16.42/lib/chef/client.rb:664:in `catch'
/opt/chefdk/embedded/lib/ruby/gems/2.3.0/gems/chef-12.16.42/lib/chef/client.rb:664:in `converge'
/opt/chefdk/embedded/lib/ruby/gems/2.3.0/gems/chef-12.16.42/lib/chef/client.rb:703:in `converge_and_save'
/opt/chefdk/embedded/lib/ruby/gems/2.3.0/gems/chef-12.16.42/lib/chef/client.rb:283:in `run'
/opt/chefdk/embedded/lib/ruby/gems/2.3.0/gems/chef-12.16.42/lib/chef/application.rb:294:in `block in fork_chef_client'
/opt/chefdk/embedded/lib/ruby/gems/2.3.0/gems/chef-12.16.42/lib/chef/application.rb:282:in `fork'
/opt/chefdk/embedded/lib/ruby/gems/2.3.0/gems/chef-12.16.42/lib/chef/application.rb:282:in `fork_chef_client'
/opt/chefdk/embedded/lib/ruby/gems/2.3.0/gems/chef-12.16.42/lib/chef/application.rb:247:in `block in run_chef_client'
/opt/chefdk/embedded/lib/ruby/gems/2.3.0/gems/chef-12.16.42/lib/chef/local_mode.rb:44:in `with_server_connectivity'
/opt/chefdk/embedded/lib/ruby/gems/2.3.0/gems/chef-12.16.42/lib/chef/application.rb:235:in `run_chef_client'
/opt/chefdk/embedded/lib/ruby/gems/2.3.0/gems/chef-12.16.42/lib/chef/application/client.rb:464:in `sleep_then_run_chef_client'
/opt/chefdk/embedded/lib/ruby/gems/2.3.0/gems/chef-12.16.42/lib/chef/application/client.rb:451:in `block in interval_run_chef_client'
/opt/chefdk/embedded/lib/ruby/gems/2.3.0/gems/chef-12.16.42/lib/chef/application/client.rb:450:in `loop'
/opt/chefdk/embedded/lib/ruby/gems/2.3.0/gems/chef-12.16.42/lib/chef/application/client.rb:450:in `interval_run_chef_client'
/opt/chefdk/embedded/lib/ruby/gems/2.3.0/gems/chef-12.16.42/lib/chef/application/client.rb:434:in `run_application'
/opt/chefdk/embedded/lib/ruby/gems/2.3.0/gems/chef-12.16.42/lib/chef/application.rb:59:in `run'
/opt/chefdk/embedded/lib/ruby/gems/2.3.0/gems/chef-12.16.42/bin/chef-client:26:in `<top (required)>'
/opt/chefdk/bin/chef-client:58:in `load'
/opt/chefdk/bin/chef-client:58:in `<main>'

>>>> Caused by Chef::Exceptions::Exec: yum -d0 -e0 -y install tree-1.5.3-3.el6 returned 1:
STDOUT: 
STDERR: You need to be root to perform this command.

/opt/chefdk/embedded/lib/ruby/gems/2.3.0/gems/chef-12.16.42/lib/chef/provider/package/yum.rb:122:in `yum_command'
/opt/chefdk/embedded/lib/ruby/gems/2.3.0/gems/chef-12.16.42/lib/chef/provider/package/yum.rb:314:in `install_remote_package'
/opt/chefdk/embedded/lib/ruby/gems/2.3.0/gems/chef-12.16.42/lib/chef/provider/package/yum.rb:325:in `install_package'
/opt/chefdk/embedded/lib/ruby/gems/2.3.0/gems/chef-12.16.42/lib/chef/provider/package.rb:103:in `block (3 levels) in <class:Package>'
/opt/chefdk/embedded/lib/ruby/gems/2.3.0/gems/chef-12.16.42/lib/chef/provider/package.rb:257:in `multipackage_api_adapter'
/opt/chefdk/embedded/lib/ruby/gems/2.3.0/gems/chef-12.16.42/lib/chef/provider/package.rb:102:in `block (2 levels) in <class:Package>'
/opt/chefdk/embedded/lib/ruby/gems/2.3.0/gems/chef-12.16.42/lib/chef/mixin/why_run.rb:52:in `add_action'
/opt/chefdk/embedded/lib/ruby/gems/2.3.0/gems/chef-12.16.42/lib/chef/provider.rb:176:in `converge_by'
/opt/chefdk/embedded/lib/ruby/gems/2.3.0/gems/chef-12.16.42/lib/chef/provider/package.rb:101:in `block in <class:Package>'
(eval):2:in `block in action_install'
/opt/chefdk/embedded/lib/ruby/gems/2.3.0/gems/chef-12.16.42/lib/chef/provider.rb:361:in `instance_eval'
/opt/chefdk/embedded/lib/ruby/gems/2.3.0/gems/chef-12.16.42/lib/chef/provider.rb:361:in `compile_and_converge_action'
(eval):2:in `action_install'
/opt/chefdk/embedded/lib/ruby/gems/2.3.0/gems/chef-12.16.42/lib/chef/provider.rb:145:in `run_action'
/opt/chefdk/embedded/lib/ruby/gems/2.3.0/gems/chef-12.16.42/lib/chef/resource.rb:622:in `run_action'
/opt/chefdk/embedded/lib/ruby/gems/2.3.0/gems/chef-12.16.42/lib/chef/runner.rb:69:in `run_action'
/opt/chefdk/embedded/lib/ruby/gems/2.3.0/gems/chef-12.16.42/lib/chef/runner.rb:97:in `block (2 levels) in converge'
/opt/chefdk/embedded/lib/ruby/gems/2.3.0/gems/chef-12.16.42/lib/chef/runner.rb:97:in `each'
/opt/chefdk/embedded/lib/ruby/gems/2.3.0/gems/chef-12.16.42/lib/chef/runner.rb:97:in `block in converge'
/opt/chefdk/embedded/lib/ruby/gems/2.3.0/gems/chef-12.16.42/lib/chef/resource_collection/resource_list.rb:94:in `block in execute_each_resource'
/opt/chefdk/embedded/lib/ruby/gems/2.3.0/gems/chef-12.16.42/lib/chef/resource_collection/stepable_iterator.rb:114:in `call_iterator_block'
/opt/chefdk/embedded/lib/ruby/gems/2.3.0/gems/chef-12.16.42/lib/chef/resource_collection/stepable_iterator.rb:85:in `step'
/opt/chefdk/embedded/lib/ruby/gems/2.3.0/gems/chef-12.16.42/lib/chef/resource_collection/stepable_iterator.rb:103:in `iterate'
/opt/chefdk/embedded/lib/ruby/gems/2.3.0/gems/chef-12.16.42/lib/chef/resource_collection/stepable_iterator.rb:55:in `each_with_index'
/opt/chefdk/embedded/lib/ruby/gems/2.3.0/gems/chef-12.16.42/lib/chef/resource_collection/resource_list.rb:92:in `execute_each_resource'
/opt/chefdk/embedded/lib/ruby/gems/2.3.0/gems/chef-12.16.42/lib/chef/runner.rb:96:in `converge'
/opt/chefdk/embedded/lib/ruby/gems/2.3.0/gems/chef-12.16.42/lib/chef/client.rb:669:in `block in converge'
/opt/chefdk/embedded/lib/ruby/gems/2.3.0/gems/chef-12.16.42/lib/chef/client.rb:664:in `catch'
/opt/chefdk/embedded/lib/ruby/gems/2.3.0/gems/chef-12.16.42/lib/chef/client.rb:664:in `converge'
/opt/chefdk/embedded/lib/ruby/gems/2.3.0/gems/chef-12.16.42/lib/chef/client.rb:703:in `converge_and_save'
/opt/chefdk/embedded/lib/ruby/gems/2.3.0/gems/chef-12.16.42/lib/chef/client.rb:283:in `run'
/opt/chefdk/embedded/lib/ruby/gems/2.3.0/gems/chef-12.16.42/lib/chef/application.rb:294:in `block in fork_chef_client'
/opt/chefdk/embedded/lib/ruby/gems/2.3.0/gems/chef-12.16.42/lib/chef/application.rb:282:in `fork'
/opt/chefdk/embedded/lib/ruby/gems/2.3.0/gems/chef-12.16.42/lib/chef/application.rb:282:in `fork_chef_client'
/opt/chefdk/embedded/lib/ruby/gems/2.3.0/gems/chef-12.16.42/lib/chef/application.rb:247:in `block in run_chef_client'
/opt/chefdk/embedded/lib/ruby/gems/2.3.0/gems/chef-12.16.42/lib/chef/local_mode.rb:44:in `with_server_connectivity'
/opt/chefdk/embedded/lib/ruby/gems/2.3.0/gems/chef-12.16.42/lib/chef/application.rb:235:in `run_chef_client'
/opt/chefdk/embedded/lib/ruby/gems/2.3.0/gems/chef-12.16.42/lib/chef/application/client.rb:464:in `sleep_then_run_chef_client'
/opt/chefdk/embedded/lib/ruby/gems/2.3.0/gems/chef-12.16.42/lib/chef/application/client.rb:451:in `block in interval_run_chef_client'
/opt/chefdk/embedded/lib/ruby/gems/2.3.0/gems/chef-12.16.42/lib/chef/application/client.rb:450:in `loop'
/opt/chefdk/embedded/lib/ruby/gems/2.3.0/gems/chef-12.16.42/lib/chef/application/client.rb:450:in `interval_run_chef_client'
/opt/chefdk/embedded/lib/ruby/gems/2.3.0/gems/chef-12.16.42/lib/chef/application/client.rb:434:in `run_application'
/opt/chefdk/embedded/lib/ruby/gems/2.3.0/gems/chef-12.16.42/lib/chef/application.rb:59:in `run'
/opt/chefdk/embedded/lib/ruby/gems/2.3.0/gems/chef-12.16.42/bin/chef-client:26:in `<top (required)>'
/opt/chefdk/bin/chef-client:58:in `load'
/opt/chefdk/bin/chef-client:58:in `<main>'